{
  "RSpec": {
    "coverage": {
      "/home/danielvec/repos/flight-booker/app/helpers/application_helper.rb": {
        "lines": [
          1,
          null
        ]
      },
      "/home/danielvec/repos/flight-booker/app/helpers/bookings_helper.rb": {
        "lines": [
          1,
          null
        ]
      },
      "/home/danielvec/repos/flight-booker/app/helpers/flights_helper.rb": {
        "lines": [
          1,
          null
        ]
      },
      "/home/danielvec/repos/flight-booker/app/models/airport.rb": {
        "lines": [
          1,
          1,
          1,
          null
        ]
      },
      "/home/danielvec/repos/flight-booker/app/models/application_record.rb": {
        "lines": [
          1,
          1,
          null
        ]
      },
      "/home/danielvec/repos/flight-booker/app/models/booking.rb": {
        "lines": [
          1,
          1,
          1,
          null,
          1,
          null
        ]
      },
      "/home/danielvec/repos/flight-booker/app/models/flight.rb": {
        "lines": [
          1,
          1,
          1,
          1,
          null,
          5,
          3,
          null
        ]
      },
      "/home/danielvec/repos/flight-booker/app/models/passenger.rb": {
        "lines": [
          1,
          1,
          null
        ]
      },
      "/home/danielvec/repos/flight-booker/app/controllers/flights_controller.rb": {
        "lines": [
          1,
          1,
          24,
          1444,
          4,
          4,
          null,
          null
        ]
      },
      "/home/danielvec/repos/flight-booker/app/controllers/application_controller.rb": {
        "lines": [
          1,
          null
        ]
      },
      "/home/danielvec/repos/flight-booker/app/controllers/bookings_controller.rb": {
        "lines": [
          1,
          1,
          1,
          1,
          1,
          1,
          null,
          null,
          1,
          2,
          2,
          2,
          2,
          2,
          4,
          null,
          null,
          1,
          1,
          1,
          null,
          1,
          1,
          null,
          0,
          null,
          null,
          null,
          1,
          null,
          1,
          1,
          null,
          null
        ]
      },
      "/home/danielvec/repos/flight-booker/app/channels/application_cable/channel.rb": {
        "lines": [
          0,
          0,
          0,
          0
        ],
        "branches": {
        }
      },
      "/home/danielvec/repos/flight-booker/app/channels/application_cable/connection.rb": {
        "lines": [
          0,
          0,
          0,
          0
        ],
        "branches": {
        }
      },
      "/home/danielvec/repos/flight-booker/app/jobs/application_job.rb": {
        "lines": [
          0,
          null,
          null,
          null,
          null,
          null,
          0
        ],
        "branches": {
        }
      },
      "/home/danielvec/repos/flight-booker/app/mailers/application_mailer.rb": {
        "lines": [
          0,
          0,
          0,
          0
        ],
        "branches": {
        }
      }
    },
    "timestamp": 1676226653
  }
}
